mode: set
clean-code-app-laundry/service/bill_service.go:20.82,22.16 2 1
clean-code-app-laundry/service/bill_service.go:22.16,24.3 1 0
clean-code-app-laundry/service/bill_service.go:26.2,27.16 2 1
clean-code-app-laundry/service/bill_service.go:27.16,29.3 1 0
clean-code-app-laundry/service/bill_service.go:31.2,32.41 2 1
clean-code-app-laundry/service/bill_service.go:32.41,34.17 2 1
clean-code-app-laundry/service/bill_service.go:34.17,36.4 1 0
clean-code-app-laundry/service/bill_service.go:38.3,41.28 1 1
clean-code-app-laundry/service/bill_service.go:44.2,51.16 3 1
clean-code-app-laundry/service/bill_service.go:51.16,53.3 1 0
clean-code-app-laundry/service/bill_service.go:55.2,55.18 1 1
clean-code-app-laundry/service/bill_service.go:58.120,64.2 1 1
clean-code-app-laundry/service/customer_service.go:19.71,22.16 2 0
clean-code-app-laundry/service/customer_service.go:22.16,24.3 1 0
clean-code-app-laundry/service/customer_service.go:26.2,26.22 1 0
clean-code-app-laundry/service/customer_service.go:30.83,32.2 1 0
clean-code-app-laundry/service/jwt_service.go:22.86,34.16 4 0
clean-code-app-laundry/service/jwt_service.go:34.16,36.3 1 0
clean-code-app-laundry/service/jwt_service.go:38.2,38.45 1 0
clean-code-app-laundry/service/jwt_service.go:41.74,42.72 1 0
clean-code-app-laundry/service/jwt_service.go:42.72,44.3 1 0
clean-code-app-laundry/service/jwt_service.go:45.2,45.16 1 0
clean-code-app-laundry/service/jwt_service.go:45.16,47.3 1 0
clean-code-app-laundry/service/jwt_service.go:49.2,50.61 2 0
clean-code-app-laundry/service/jwt_service.go:50.61,52.3 1 0
clean-code-app-laundry/service/jwt_service.go:53.2,53.20 1 0
clean-code-app-laundry/service/jwt_service.go:56.57,58.2 1 0
clean-code-app-laundry/service/product_service.go:21.69,24.16 2 0
clean-code-app-laundry/service/product_service.go:24.16,26.3 1 0
clean-code-app-laundry/service/product_service.go:28.2,28.21 1 0
clean-code-app-laundry/service/product_service.go:31.93,33.2 1 0
clean-code-app-laundry/service/product_service.go:36.80,38.2 1 0
clean-code-app-laundry/service/user_service.go:26.63,29.16 2 0
clean-code-app-laundry/service/user_service.go:29.16,31.3 1 0
clean-code-app-laundry/service/user_service.go:33.2,33.18 1 0
clean-code-app-laundry/service/user_service.go:36.73,37.28 1 0
clean-code-app-laundry/service/user_service.go:37.28,39.3 1 0
clean-code-app-laundry/service/user_service.go:40.2,42.16 2 0
clean-code-app-laundry/service/user_service.go:42.16,44.3 1 0
clean-code-app-laundry/service/user_service.go:45.2,46.35 2 0
clean-code-app-laundry/service/user_service.go:49.75,51.16 2 0
clean-code-app-laundry/service/user_service.go:51.16,53.3 1 0
clean-code-app-laundry/service/user_service.go:54.2,54.18 1 0
clean-code-app-laundry/service/user_service.go:57.81,59.16 2 0
clean-code-app-laundry/service/user_service.go:59.16,61.3 1 0
clean-code-app-laundry/service/user_service.go:63.2,64.16 2 0
clean-code-app-laundry/service/user_service.go:64.16,67.3 2 0
clean-code-app-laundry/service/user_service.go:69.2,71.16 3 0
clean-code-app-laundry/service/user_service.go:71.16,73.3 1 0
clean-code-app-laundry/service/user_service.go:75.2,75.19 1 0
clean-code-app-laundry/service/user_service.go:79.87,81.2 1 0
