mode: set
clean-code-app-laundry/controller/bill_controller.go:18.56,20.51 2 1
clean-code-app-laundry/controller/bill_controller.go:20.51,23.3 2 1
clean-code-app-laundry/controller/bill_controller.go:25.2,26.16 2 1
clean-code-app-laundry/controller/bill_controller.go:26.16,29.3 2 0
clean-code-app-laundry/controller/bill_controller.go:31.2,31.38 1 1
clean-code-app-laundry/controller/bill_controller.go:34.34,37.2 2 1
clean-code-app-laundry/controller/bill_controller.go:39.120,41.2 1 1
clean-code-app-laundry/controller/product_controller.go:19.59,23.31 3 0
clean-code-app-laundry/controller/product_controller.go:23.31,25.3 1 0
clean-code-app-laundry/controller/product_controller.go:27.2,28.16 2 0
clean-code-app-laundry/controller/product_controller.go:28.16,30.3 1 0
clean-code-app-laundry/controller/product_controller.go:32.2,33.31 2 0
clean-code-app-laundry/controller/product_controller.go:33.31,35.3 1 0
clean-code-app-laundry/controller/product_controller.go:37.2,37.85 1 0
clean-code-app-laundry/controller/product_controller.go:40.37,43.2 2 0
clean-code-app-laundry/controller/product_controller.go:45.129,51.2 1 0
clean-code-app-laundry/controller/user_controller.go:18.58,20.51 2 0
clean-code-app-laundry/controller/user_controller.go:20.51,22.3 1 0
clean-code-app-laundry/controller/user_controller.go:23.2,24.16 2 0
clean-code-app-laundry/controller/user_controller.go:24.16,27.3 2 0
clean-code-app-laundry/controller/user_controller.go:28.2,28.76 1 0
clean-code-app-laundry/controller/user_controller.go:31.64,35.16 3 0
clean-code-app-laundry/controller/user_controller.go:35.16,37.3 1 0
clean-code-app-laundry/controller/user_controller.go:38.2,38.75 1 0
clean-code-app-laundry/controller/user_controller.go:41.55,43.51 2 0
clean-code-app-laundry/controller/user_controller.go:43.51,46.3 2 0
clean-code-app-laundry/controller/user_controller.go:48.2,49.19 2 0
clean-code-app-laundry/controller/user_controller.go:49.19,52.3 2 0
clean-code-app-laundry/controller/user_controller.go:53.2,53.70 1 0
clean-code-app-laundry/controller/user_controller.go:56.34,61.2 4 0
clean-code-app-laundry/controller/user_controller.go:63.90,65.2 1 0
